<?xml version="1.0" encoding="UTF-8"?>
<!-- Generated by org.testng.reporters.JUnitXMLReporter -->
<testsuite ignored="2" hostname="admin" failures="0" tests="2" name="Test" time="108.884" errors="0" timestamp="20 Feb 2023 03:28:15 GMT">
  <testcase classname="com.invicta.qa.testcases.login.LoginTest" name="Login" time="6.992"/>
  <testcase classname="com.invicta.qa.testcases.sbu.sbutestcases" name="testcases" time="101.83"/>
  <testcase classname="com.invicta.qa.base.DriverIntialization" name="@AfterSuite closeChrome" time="0.0">
    <ignored/>
  </testcase> <!-- @AfterSuite closeChrome -->
  <testcase classname="com.invicta.qa.base.DriverIntialization" name="@BeforeSuite main" time="0.0">
    <ignored/>
  </testcase> <!-- @BeforeSuite main -->
</testsuite> <!-- Test -->
