<?xml version="1.0" encoding="UTF-8"?>
<testng-results ignored="2" total="4" passed="2" failed="0" skipped="0">
  <reporter-output>
  </reporter-output>
  <suite started-at="2023-02-20T03:26:26Z" name="Suite" finished-at="2023-02-20T03:28:15Z" duration-ms="108884">
    <groups>
    </groups>
    <test started-at="2023-02-20T03:26:26Z" name="Test" finished-at="2023-02-20T03:28:15Z" duration-ms="108884">
      <class name="com.invicta.qa.testcases.login.LoginTest">
        <test-method is-config="true" signature="main()[pri:0, instance:com.invicta.qa.testcases.login.LoginTest@6a9950f1]" started-at="2023-02-20T03:26:18Z" name="main" finished-at="2023-02-20T03:26:26Z" duration-ms="8021" status="PASS">
          <reporter-output>
          </reporter-output>
        </test-method> <!-- main -->
        <test-method signature="Login()[pri:0, instance:com.invicta.qa.testcases.login.LoginTest@6a9950f1]" started-at="2023-02-20T03:26:26Z" name="Login" finished-at="2023-02-20T03:26:33Z" duration-ms="6992" status="PASS">
          <reporter-output>
          </reporter-output>
        </test-method> <!-- Login -->
        <test-method is-config="true" signature="closeChrome()[pri:0, instance:com.invicta.qa.testcases.login.LoginTest@6a9950f1]" started-at="2023-02-20T03:28:15Z" name="closeChrome" finished-at="2023-02-20T03:28:16Z" duration-ms="961" status="PASS">
          <reporter-output>
          </reporter-output>
        </test-method> <!-- closeChrome -->
      </class> <!-- com.invicta.qa.testcases.login.LoginTest -->
      <class name="com.invicta.qa.testcases.sbu.sbutestcases">
        <test-method signature="testcases()[pri:0, instance:com.invicta.qa.testcases.sbu.sbutestcases@7ad54c55]" started-at="2023-02-20T03:26:33Z" name="testcases" finished-at="2023-02-20T03:28:15Z" duration-ms="101830" status="PASS">
          <reporter-output>
          </reporter-output>
        </test-method> <!-- testcases -->
      </class> <!-- com.invicta.qa.testcases.sbu.sbutestcases -->
    </test> <!-- Test -->
  </suite> <!-- Suite -->
</testng-results>
